<?xml version="1.0" encoding="UTF-8"?>
<!-- Generated by org.testng.reporters.JUnitReportReporter -->
<testsuite hostname="LAPTOP-3047PCUK" failures="0" tests="1" name="com.test.Search_GitDemo" time="36.628" errors="0" timestamp="2020-10-11T00:46:10 EDT" skipped="0">
  <testcase classname="com.test.Search_GitDemo" name="searchTest" time="36.628"/>
  <system-out/>
</testsuite> <!-- com.test.Search_GitDemo -->
