<?xml version="1.0" encoding="UTF-8"?>
<!-- Generated by org.testng.reporters.JUnitReportReporter -->
<testsuite hostname="LAPTOP-3047PCUK" failures="0" tests="1" name="com.test.Search_GitDemo" time="21.984" errors="0" timestamp="2020-10-08T01:05:50 EDT" skipped="0">
  <testcase classname="com.test.Search_GitDemo" name="searchTest" time="21.984"/>
  <system-out/>
</testsuite> <!-- com.test.Search_GitDemo -->
